  Determinando los proyectos que se van a restaurar...
C:\Users\angel.vivanco\Desktop\TimeReport\isc-tmr-backend\isc.time.report.be\isc.time.report.be.tests\isc.time.report.be.tests.csproj : warning NU1608: Se detect├│ una versi├│n del paquete fuera de la restricci├│n de dependencia: xunit.core 2.5.3 requiere xunit.extensibility.core (= 2.5.3), pero la versi├│n xunit.extensibility.core 2.9.3 ya se resolvi├│. [C:\Users\angel.vivanco\Desktop\TimeReport\isc-tmr-backend\isc.time.report.be\isc.time.report.be.sln]
C:\Users\angel.vivanco\Desktop\TimeReport\isc-tmr-backend\isc.time.report.be\isc.time.report.be.tests\isc.time.report.be.tests.csproj : warning NU1608: Se detect├│ una versi├│n del paquete fuera de la restricci├│n de dependencia: xunit.extensibility.execution 2.5.3 requiere xunit.extensibility.core (= 2.5.3), pero la versi├│n xunit.extensibility.core 2.9.3 ya se resolvi├│. [C:\Users\angel.vivanco\Desktop\TimeReport\isc-tmr-backend\isc.time.report.be\isc.time.report.be.sln]
  Todos los proyectos est├ín actualizados para la restauraci├│n.
C:\Users\angel.vivanco\Desktop\TimeReport\isc-tmr-backend\isc.time.report.be\isc.time.report.be.tests\isc.time.report.be.tests.csproj : warning NU1608: Se detect├│ una versi├│n del paquete fuera de la restricci├│n de dependencia: xunit.core 2.5.3 requiere xunit.extensibility.core (= 2.5.3), pero la versi├│n xunit.extensibility.core 2.9.3 ya se resolvi├│.
C:\Users\angel.vivanco\Desktop\TimeReport\isc-tmr-backend\isc.time.report.be\isc.time.report.be.tests\isc.time.report.be.tests.csproj : warning NU1608: Se detect├│ una versi├│n del paquete fuera de la restricci├│n de dependencia: xunit.extensibility.execution 2.5.3 requiere xunit.extensibility.core (= 2.5.3), pero la versi├│n xunit.extensibility.core 2.9.3 ya se resolvi├│.
  isc.time.report.be.domain -> C:\Users\angel.vivanco\Desktop\TimeReport\isc-tmr-backend\isc.time.report.be\isc.time.report.be.domain\bin\Debug\net8.0\isc.time.report.be.domain.dll
C:\Users\angel.vivanco\Desktop\TimeReport\isc-tmr-backend\isc.time.report.be\isc.time.report.be.application\Services\Leaders\LeaderService.cs(15,26): error CS0246: El nombre del tipo o del espacio de nombres 'IProjectRepository' no se encontr├│ (┬┐falta una directiva using o una referencia de ensamblado?) [C:\Users\angel.vivanco\Desktop\TimeReport\isc-tmr-backend\isc.time.report.be\isc.time.report.be.application\isc.time.report.be.application.csproj]
C:\Users\angel.vivanco\Desktop\TimeReport\isc-tmr-backend\isc.time.report.be\isc.time.report.be.application\Services\Leaders\LeaderService.cs(18,66): error CS0246: El nombre del tipo o del espacio de nombres 'IProjectRepository' no se encontr├│ (┬┐falta una directiva using o una referencia de ensamblado?) [C:\Users\angel.vivanco\Desktop\TimeReport\isc-tmr-backend\isc.time.report.be\isc.time.report.be.application\isc.time.report.be.application.csproj]

ERROR al compilar.

C:\Users\angel.vivanco\Desktop\TimeReport\isc-tmr-backend\isc.time.report.be\isc.time.report.be.tests\isc.time.report.be.tests.csproj : warning NU1608: Se detect├│ una versi├│n del paquete fuera de la restricci├│n de dependencia: xunit.core 2.5.3 requiere xunit.extensibility.core (= 2.5.3), pero la versi├│n xunit.extensibility.core 2.9.3 ya se resolvi├│. [C:\Users\angel.vivanco\Desktop\TimeReport\isc-tmr-backend\isc.time.report.be\isc.time.report.be.sln]
C:\Users\angel.vivanco\Desktop\TimeReport\isc-tmr-backend\isc.time.report.be\isc.time.report.be.tests\isc.time.report.be.tests.csproj : warning NU1608: Se detect├│ una versi├│n del paquete fuera de la restricci├│n de dependencia: xunit.extensibility.execution 2.5.3 requiere xunit.extensibility.core (= 2.5.3), pero la versi├│n xunit.extensibility.core 2.9.3 ya se resolvi├│. [C:\Users\angel.vivanco\Desktop\TimeReport\isc-tmr-backend\isc.time.report.be\isc.time.report.be.sln]
C:\Users\angel.vivanco\Desktop\TimeReport\isc-tmr-backend\isc.time.report.be\isc.time.report.be.tests\isc.time.report.be.tests.csproj : warning NU1608: Se detect├│ una versi├│n del paquete fuera de la restricci├│n de dependencia: xunit.core 2.5.3 requiere xunit.extensibility.core (= 2.5.3), pero la versi├│n xunit.extensibility.core 2.9.3 ya se resolvi├│.
C:\Users\angel.vivanco\Desktop\TimeReport\isc-tmr-backend\isc.time.report.be\isc.time.report.be.tests\isc.time.report.be.tests.csproj : warning NU1608: Se detect├│ una versi├│n del paquete fuera de la restricci├│n de dependencia: xunit.extensibility.execution 2.5.3 requiere xunit.extensibility.core (= 2.5.3), pero la versi├│n xunit.extensibility.core 2.9.3 ya se resolvi├│.
C:\Users\angel.vivanco\Desktop\TimeReport\isc-tmr-backend\isc.time.report.be\isc.time.report.be.application\Services\Leaders\LeaderService.cs(15,26): error CS0246: El nombre del tipo o del espacio de nombres 'IProjectRepository' no se encontr├│ (┬┐falta una directiva using o una referencia de ensamblado?) [C:\Users\angel.vivanco\Desktop\TimeReport\isc-tmr-backend\isc.time.report.be\isc.time.report.be.application\isc.time.report.be.application.csproj]
C:\Users\angel.vivanco\Desktop\TimeReport\isc-tmr-backend\isc.time.report.be\isc.time.report.be.application\Services\Leaders\LeaderService.cs(18,66): error CS0246: El nombre del tipo o del espacio de nombres 'IProjectRepository' no se encontr├│ (┬┐falta una directiva using o una referencia de ensamblado?) [C:\Users\angel.vivanco\Desktop\TimeReport\isc-tmr-backend\isc.time.report.be\isc.time.report.be.application\isc.time.report.be.application.csproj]
    4 Advertencia(s)
    2 Errores

Tiempo transcurrido 00:00:01.97
